[2026-04-10T17:06:06.453580-03:00] capitania.ERROR: PHP Error [8192]: Constant PDO::MYSQL_ATTR_INIT_COMMAND is deprecated since 8.5, use Pdo\Mysql::ATTR_INIT_COMMAND instead in C:\Users\Eduardo Martins\Desktop\capitaniapdv\config\database.php on line 14 [] []
[2026-04-10T17:23:18.909476-03:00] capitania.ERROR: PHP Error [8192]: Constant PDO::MYSQL_ATTR_INIT_COMMAND is deprecated since 8.5, use Pdo\Mysql::ATTR_INIT_COMMAND instead in C:\Users\Eduardo Martins\Desktop\capitaniapdv\config\database.php on line 14 [] []
[2026-04-10T17:24:42.157174-03:00] capitania.ERROR: PHP Error [8192]: Constant PDO::MYSQL_ATTR_INIT_COMMAND is deprecated since 8.5, use Pdo\Mysql::ATTR_INIT_COMMAND instead in C:\Users\Eduardo Martins\Desktop\capitaniapdv\config\database.php on line 14 [] []
[2026-04-10T17:25:40.250983-03:00] capitania.ERROR: PHP Error [8192]: Constant PDO::MYSQL_ATTR_INIT_COMMAND is deprecated since 8.5, use Pdo\Mysql::ATTR_INIT_COMMAND instead in C:\Users\Eduardo Martins\Desktop\capitaniapdv\config\database.php on line 14 [] []
[2026-04-10T17:27:45.153231-03:00] capitania.ERROR: PHP Error [8192]: Constant PDO::MYSQL_ATTR_INIT_COMMAND is deprecated since 8.5, use Pdo\Mysql::ATTR_INIT_COMMAND instead in C:\Users\Eduardo Martins\Desktop\capitaniapdv\config\database.php on line 14 [] []
[2026-04-10T17:28:48.717916-03:00] capitania.ERROR: PHP Error [8192]: Constant PDO::MYSQL_ATTR_INIT_COMMAND is deprecated since 8.5, use Pdo\Mysql::ATTR_INIT_COMMAND instead in C:\Users\Eduardo Martins\Desktop\capitaniapdv\config\database.php on line 14 [] []
[2026-04-10T17:30:01.488625-03:00] capitania.ERROR: PHP Error [8192]: Constant PDO::MYSQL_ATTR_INIT_COMMAND is deprecated since 8.5, use Pdo\Mysql::ATTR_INIT_COMMAND instead in C:\Users\Eduardo Martins\Desktop\capitaniapdv\config\database.php on line 14 [] []
[2026-04-10T17:31:48.816845-03:00] capitania.ERROR: PHP Error [8192]: Constant PDO::MYSQL_ATTR_INIT_COMMAND is deprecated since 8.5, use Pdo\Mysql::ATTR_INIT_COMMAND instead in C:\Users\Eduardo Martins\Desktop\capitaniapdv\config\database.php on line 14 [] []
[2026-04-10T17:31:50.176926-03:00] capitania.INFO: Produto criado no Stripe: product=prod_UJOVXOwwUqZ6oB price=price_1TKliTGEcghq7jQPLVsUN357 [] []
[2026-04-10T17:31:50.177995-03:00] capitania.ERROR: PHP Error [8192]: Function curl_close() is deprecated since 8.5, as it has no effect since PHP 8.0 in C:\Users\Eduardo Martins\Desktop\capitaniapdv\vendor\stripe\stripe-php\lib\HttpClient\CurlClient.php on line 689 [] []
[2026-04-10T17:33:20.918618-03:00] capitania.ERROR: PHP Error [8192]: Constant PDO::MYSQL_ATTR_INIT_COMMAND is deprecated since 8.5, use Pdo\Mysql::ATTR_INIT_COMMAND instead in C:\Users\Eduardo Martins\Desktop\capitaniapdv\config\database.php on line 14 [] []
[2026-04-10T17:33:22.171625-03:00] capitania.INFO: Produto criado no Stripe: product=prod_UJOXPrXh5PraGy price=price_1TKljxGEcghq7jQPUQzM2va4 [] []
[2026-04-10T17:33:22.952659-03:00] capitania.INFO: Produto criado no Stripe: product=prod_UJOXmdnjLRuDXF price=price_1TKljyGEcghq7jQP5RKDGvB5 [] []
[2026-04-10T17:33:23.673050-03:00] capitania.INFO: Produto criado no Stripe: product=prod_UJOXQxtp0bk0Pb price=price_1TKljzGEcghq7jQPNffVlaqp [] []
[2026-04-10T17:33:24.380561-03:00] capitania.INFO: Produto criado no Stripe: product=prod_UJOXaW9WqbTrO9 price=price_1TKlk0GEcghq7jQPq8eehfI6 [] []
[2026-04-10T17:33:25.093981-03:00] capitania.INFO: Produto criado no Stripe: product=prod_UJOXNyoroH51CH price=price_1TKlk0GEcghq7jQPM8xJKp2W [] []
[2026-04-10T17:33:25.824072-03:00] capitania.INFO: Produto criado no Stripe: product=prod_UJOXHvUZpoflro price=price_1TKlk1GEcghq7jQPLQbCmXSw [] []
[2026-04-10T17:33:26.524185-03:00] capitania.INFO: Produto criado no Stripe: product=prod_UJOXDcWuSCx4QQ price=price_1TKlk2GEcghq7jQPm2wWnRDe [] []
[2026-04-10T17:33:27.195800-03:00] capitania.INFO: Produto criado no Stripe: product=prod_UJOXAyuz3OcrHo price=price_1TKlk2GEcghq7jQPADMhLuv9 [] []
[2026-04-10T17:33:27.213010-03:00] capitania.ERROR: PHP Error [8192]: Function curl_close() is deprecated since 8.5, as it has no effect since PHP 8.0 in C:\Users\Eduardo Martins\Desktop\capitaniapdv\vendor\stripe\stripe-php\lib\HttpClient\CurlClient.php on line 689 [] []
